<?xml version="1.0" encoding="UTF-8"?>
<!-- Generated by org.testng.reporters.JUnitReportReporter -->
<testsuite hostname="Rishi_2021" failures="0" tests="4" name="api.test.UserTests" time="7.626" errors="0" timestamp="2024-11-09T21:23:25 IST" skipped="0">
  <testcase classname="api.test.UserTests" name="testPostUser" time="2.757"/>
  <system-out/>
  <testcase classname="api.test.UserTests" name="testGetUserByName" time="1.221"/>
  <system-out/>
  <testcase classname="api.test.UserTests" name="testUpdateUserByName" time="2.447"/>
  <system-out/>
  <testcase classname="api.test.UserTests" name="testDeleteUser" time="1.201"/>
  <system-out/>
</testsuite> <!-- api.test.UserTests -->
