<?xml version="1.0" encoding="UTF-8"?>
<!-- Generated by org.testng.reporters.JUnitReportReporter -->
<testsuite hostname="Rishi_2021" failures="0" tests="8" name="api.test.DataDrivenTests" time="12.999" errors="0" timestamp="2024-11-08T15:28:09 IST" skipped="0">
  <testcase classname="api.test.DataDrivenTests" name="testPostUser" time="1.267"/>
  <system-out/>
  <testcase classname="api.test.DataDrivenTests" name="testPostUser" time="1.878"/>
  <system-out/>
  <testcase classname="api.test.DataDrivenTests" name="testPostUser" time="1.238"/>
  <system-out/>
  <testcase classname="api.test.DataDrivenTests" name="testPostUser" time="3.602"/>
  <system-out/>
  <testcase classname="api.test.DataDrivenTests" name="testDeleteUserByName" time="1.235"/>
  <system-out/>
  <testcase classname="api.test.DataDrivenTests" name="testDeleteUserByName" time="1.268"/>
  <system-out/>
  <testcase classname="api.test.DataDrivenTests" name="testDeleteUserByName" time="1.252"/>
  <system-out/>
  <testcase classname="api.test.DataDrivenTests" name="testDeleteUserByName" time="1.259"/>
  <system-out/>
</testsuite> <!-- api.test.DataDrivenTests -->
