<?xml version="1.0" encoding="UTF-8"?>
<!-- Generated by org.testng.reporters.JUnitReportReporter -->
<testsuite hostname="Rishi_2021" failures="0" tests="4" name="api.test.UserTestsProperties" time="8.155" errors="0" timestamp="2024-11-09T23:31:18 IST" skipped="0">
  <testcase classname="api.test.UserTestsProperties" name="testPostUser" time="3.187"/>
  <system-out/>
  <testcase classname="api.test.UserTestsProperties" name="testGetUserByName" time="1.226"/>
  <system-out/>
  <testcase classname="api.test.UserTestsProperties" name="testUpdateUserByName" time="2.497"/>
  <system-out/>
  <testcase classname="api.test.UserTestsProperties" name="testDeleteUser" time="1.245"/>
  <system-out/>
</testsuite> <!-- api.test.UserTestsProperties -->
