<?xml version="1.0" encoding="UTF-8"?>
<!-- Generated by org.testng.reporters.JUnitReportReporter -->
<testsuite hostname="Rishi_2021" failures="0" tests="4" name="api.test.UserTestsProperties" time="8.867" errors="0" timestamp="2024-11-10T00:28:22 IST" skipped="0">
  <testcase classname="api.test.UserTestsProperties" name="testPostUser" time="3.316"/>
  <system-out/>
  <testcase classname="api.test.UserTestsProperties" name="testGetUserByName" time="1.292"/>
  <system-out/>
  <testcase classname="api.test.UserTestsProperties" name="testUpdateUserByName" time="2.921"/>
  <system-out/>
  <testcase classname="api.test.UserTestsProperties" name="testDeleteUser" time="1.338"/>
  <system-out/>
</testsuite> <!-- api.test.UserTestsProperties -->
